<?xml version="1.0" encoding="UTF-8"?>
<!-- Generated by org.testng.reporters.JUnitReportReporter -->
<testsuite hostname="skull-island.local" failures="0" tests="3" name="org.testng.demo.ExampleTest" time="0.006" errors="0" timestamp="2024-01-04T13:09:55 IST" skipped="0">
  <testcase classname="org.testng.demo.ExampleTest" name="secondTest" time="0.000"/>
  <testcase classname="org.testng.demo.ExampleTest" name="firstTest" time="0.006"/>
  <testcase classname="org.testng.demo.ExampleTest" name="secondTest" time="0.000"/>
</testsuite> <!-- org.testng.demo.ExampleTest -->
